<?xml version="1.0" encoding="UTF-8"?>
<robot generator="Robot 6.0.2 (Python 3.11.4 on win32)" generated="20240624 16:34:05.318" rpa="false" schemaversion="3">
<suite id="s1" name="Google Search" source="C:\Users\ASUS\Desktop\robot\google_search.robot">
<test id="s1-t1" name="Search Google and Verify Results" line="9">
<kw name="Open Google">
<kw name="Open Browser" library="SeleniumLibrary">
<arg>https://www.google.com</arg>
<arg>${BROWSER}</arg>
<doc>Opens a new browser instance to the optional ``url``.</doc>
<msg timestamp="20240624 16:34:05.461" level="INFO">Opening browser 'edge' to base url 'https://www.google.com'.</msg>
<msg timestamp="20240624 16:34:05.465" level="INFO">Executing: C:\Users\ASUS\AppData\Local\Programs\Python\Python311\Lib\site-packages\selenium\webdriver\common\windows\selenium-manager.exe --browser edge --output json</msg>
<status status="PASS" starttime="20240624 16:34:05.461" endtime="20240624 16:34:08.344"/>
</kw>
<status status="PASS" starttime="20240624 16:34:05.461" endtime="20240624 16:34:08.344"/>
</kw>
<kw name="Input Search Term">
<kw name="Input Text" library="SeleniumLibrary">
<arg>name=q</arg>
<arg>${SEARCH_TERM}</arg>
<doc>Types the given ``text`` into the text field identified by ``locator``.</doc>
<msg timestamp="20240624 16:34:08.345" level="INFO">Typing text 'robot framework' into text field 'name=q'.</msg>
<status status="PASS" starttime="20240624 16:34:08.345" endtime="20240624 16:34:08.419"/>
</kw>
<status status="PASS" starttime="20240624 16:34:08.345" endtime="20240624 16:34:08.420"/>
</kw>
<kw name="Click Google Search">
<kw name="Press Keys" library="SeleniumLibrary">
<arg>name=q</arg>
<arg>ENTER</arg>
<doc>Simulates the user pressing key(s) to an element or on the active browser.</doc>
<msg timestamp="20240624 16:34:08.421" level="INFO">Sending key(s) ('ENTER',) to name=q element.</msg>
<msg timestamp="20240624 16:34:08.697" level="INFO">Pressing special key ENTER to element.</msg>
<msg timestamp="20240624 16:34:08.697" level="INFO">Releasing special key ENTER.</msg>
<status status="PASS" starttime="20240624 16:34:08.420" endtime="20240624 16:34:12.450"/>
</kw>
<status status="PASS" starttime="20240624 16:34:08.420" endtime="20240624 16:34:12.450"/>
</kw>
<kw name="Verify Search Results">
<kw name="Wait Until Page Contains" library="SeleniumLibrary">
<arg>${SEARCH_TERM}</arg>
<doc>Waits until ``text`` appears on the current page.</doc>
<status status="PASS" starttime="20240624 16:34:12.451" endtime="20240624 16:34:12.469"/>
</kw>
<status status="PASS" starttime="20240624 16:34:12.451" endtime="20240624 16:34:12.469"/>
</kw>
<kw name="Close Browser" library="SeleniumLibrary">
<doc>Closes the current browser.</doc>
<status status="PASS" starttime="20240624 16:34:12.469" endtime="20240624 16:34:14.591"/>
</kw>
<status status="PASS" starttime="20240624 16:34:05.460" endtime="20240624 16:34:14.592"/>
</test>
<status status="PASS" starttime="20240624 16:34:05.319" endtime="20240624 16:34:14.593"/>
</suite>
<statistics>
<total>
<stat pass="1" fail="0" skip="0">All Tests</stat>
</total>
<tag>
</tag>
<suite>
<stat pass="1" fail="0" skip="0" id="s1" name="Google Search">Google Search</stat>
</suite>
</statistics>
<errors>
</errors>
</robot>
